Determining if the pthread_create exist failed with the following output:
Change Dir: /home/salvadiaz/CLionProjects/untitled/cmake-build-debug/CMakeFiles/CMakeTmp

Run Build Command:"/usr/bin/make" "cmTC_94bde/fast"
/usr/bin/make -f CMakeFiles/cmTC_94bde.dir/build.make CMakeFiles/cmTC_94bde.dir/build
make[1]: se entra en el directorio '/home/salvadiaz/CLionProjects/untitled/cmake-build-debug/CMakeFiles/CMakeTmp'
Building C object CMakeFiles/cmTC_94bde.dir/CheckSymbolExists.c.o
/usr/bin/cc    -o CMakeFiles/cmTC_94bde.dir/CheckSymbolExists.c.o   -c /home/salvadiaz/CLionProjects/untitled/cmake-build-debug/CMakeFiles/CMakeTmp/CheckSymbolExists.c
Linking C executable cmTC_94bde
/home/salvadiaz/Escritorio/CLion-2018.2.4/clion-2018.2.4/bin/cmake/linux/bin/cmake -E cmake_link_script CMakeFiles/cmTC_94bde.dir/link.txt --verbose=1
/usr/bin/cc      -rdynamic CMakeFiles/cmTC_94bde.dir/CheckSymbolExists.c.o  -o cmTC_94bde 
CMakeFiles/cmTC_94bde.dir/CheckSymbolExists.c.o: En la funci√≥n `main':
CheckSymbolExists.c:(.text+0x1b): referencia a `pthread_create' sin definir
collect2: error: ld returned 1 exit status
CMakeFiles/cmTC_94bde.dir/build.make:86: recipe for target 'cmTC_94bde' failed
make[1]: *** [cmTC_94bde] Error 1
make[1]: se sale del directorio '/home/salvadiaz/CLionProjects/untitled/cmake-build-debug/CMakeFiles/CMakeTmp'
Makefile:121: recipe for target 'cmTC_94bde/fast' failed
make: *** [cmTC_94bde/fast] Error 2

File /home/salvadiaz/CLionProjects/untitled/cmake-build-debug/CMakeFiles/CMakeTmp/CheckSymbolExists.c:
/* */
#include <pthread.h>

int main(int argc, char** argv)
{
  (void)argv;
#ifndef pthread_create
  return ((int*)(&pthread_create))[argc];
#else
  (void)argc;
  return 0;
#endif
}

